DUPLICATE BLOCK 10 IN INODE 11 AT OFFSET 1
DUPLICATE BLOCK 10 IN INODE 12 AT OFFSET 11
DUPLICATE BLOCK 11 IN INODE 11 AT OFFSET 2
DUPLICATE BLOCK 11 IN INODE 15 AT OFFSET 14
DUPLICATE BLOCK 12 IN INODE 11 AT OFFSET 3
DUPLICATE BLOCK 13 IN INODE 11 AT OFFSET 4
DUPLICATE DOUBLE INDIRECT BLOCK 10 IN INODE 12 AT OFFSET 13
DUPLICATE DOUBLE INDIRECT BLOCK 13 IN INODE 15 AT OFFSET 66572
DUPLICATE INDIRECT BLOCK 10 IN INODE 12 AT OFFSET 12
DUPLICATE INDIRECT BLOCK 12 IN INODE 15 AT OFFSET 1036
DUPLICATE TRIPPLE INDIRECT BLOCK 10 IN INODE 12 AT OFFSET 14
FREE BLOCK 89 IN INODE 14 AT OFFSET 0
INVALID BLOCK 101 IN INODE 2 AT OFFSET 11
INVALID DOUBLE INDIRECT BLOCK 103 IN INODE 2 AT OFFSET 13
INVALID INDIRECT BLOCK 102 IN INODE 2 AT OFFSET 12
INVALID TRIPPLE INDIRECT BLOCK 104 IN INODE 2 AT OFFSET 14
RESERVED BLOCK 4 IN INODE 13 AT OFFSET 11
RESERVED DOUBLE INDIRECT BLOCK 4 IN INODE 13 AT OFFSET 13
RESERVED INDIRECT BLOCK 4 IN INODE 13 AT OFFSET 12
RESERVED TRIPPLE INDIRECT BLOCK 4 IN INODE 13 AT OFFSET 14
UNREFERENCED BLOCK 60
